<?xml version="1.0" encoding="UTF-8"?>
<!-- Generated by org.testng.reporters.JUnitReportReporter -->
<testsuite hostname="Akarshak" failures="0" tests="1" name="Stream" time="0.016" errors="0" timestamp="2024-02-01T17:33:13 IST" skipped="0">
  <testcase classname="Stream" name="streamFilter" time="0.016"/>
  <system-out/>
</testsuite> <!-- Stream -->
