<?xml version="1.0" encoding="UTF-8"?>
<!-- Generated by org.testng.reporters.JUnitReportReporter -->
<testsuite hostname="Akarshak" failures="0" tests="1" name="Stream1" time="0.021" errors="0" timestamp="2024-02-16T17:06:58 IST" skipped="0">
  <testcase classname="Stream1" name="streamCollection" time="0.021"/>
  <system-out/>
</testsuite> <!-- Stream1 -->
