<?xml version="1.0" encoding="UTF-8"?>
<!-- Generated by org.testng.reporters.JUnitReportReporter -->
<testsuite hostname="Akarshak" failures="0" tests="1" name="SumValidation" time="2.018" errors="0" timestamp="2023-12-22T13:51:39 IST" skipped="0">
  <testcase classname="SumValidation" name="sumOfCourse" time="2.018"/>
</testsuite> <!-- SumValidation -->
