<?xml version="1.0" encoding="UTF-8"?>
<!-- Generated by org.testng.reporters.JUnitReportReporter -->
<testsuite hostname="Akarshak" failures="0" tests="3" name="DynamicJson" time="4.410" errors="0" timestamp="2023-12-22T17:46:14 IST" skipped="0">
  <testcase classname="DynamicJson" name="Book" time="0.611"/>
  <testcase classname="DynamicJson" name="Book" time="0.513"/>
  <testcase classname="DynamicJson" name="Book" time="3.286"/>
</testsuite> <!-- DynamicJson -->
