<?xml version="1.0" encoding="UTF-8"?>
<!-- Generated by org.testng.reporters.JUnitReportReporter -->
<testsuite hostname="Akarshak" failures="0" tests="1" name="Test.Test2" time="0.003" errors="0" timestamp="2024-03-05T11:50:26 IST" skipped="0">
  <testcase classname="Test.Test2" name="Intro" time="0.003"/>
</testsuite> <!-- Test.Test2 -->
