<?xml version="1.0" encoding="UTF-8"?>
<!-- Generated by org.testng.reporters.JUnitReportReporter -->
<testsuite hostname="Akarshak" failures="0" tests="1" name="Test.Ps1" time="0.028" errors="0" timestamp="2024-03-07T12:15:07 IST" skipped="0">
  <testcase classname="Test.Ps1" name="child" time="0.028"/>
</testsuite> <!-- Test.Ps1 -->
