<?xml version="1.0" encoding="UTF-8"?>
<!-- Generated by org.testng.reporters.JUnitReportReporter -->
<testsuite hostname="Akarshak" failures="0" tests="4" name="Test.Test4" time="0.028" errors="0" timestamp="2024-03-05T11:50:26 IST" skipped="0">
  <testcase classname="Test.Test4" name="MobileLoginHomeLoan" time="0.017"/>
  <testcase classname="Test.Test4" name="MobileLoginHomeLoan" time="0.003"/>
  <testcase classname="Test.Test4" name="APILoginHomeLoan" time="0.002"/>
  <testcase classname="Test.Test4" name="MobileLoginHomeLoan" time="0.006"/>
</testsuite> <!-- Test.Test4 -->
