<?xml version="1.0" encoding="UTF-8"?>
<!-- Generated by org.testng.reporters.JUnitReportReporter -->
<testsuite hostname="Akarshak" failures="0" tests="2" name="Test.Test3" time="0.158" errors="0" timestamp="2024-03-05T11:50:26 IST" skipped="0">
  <testcase classname="Test.Test3" name="MobileLoginCarLoan" time="0.150"/>
  <testcase classname="Test.Test3" name="WebLoginCarLoan" time="0.008"/>
</testsuite> <!-- Test.Test3 -->
