<?xml version="1.0" encoding="UTF-8"?>
<!-- Generated by org.testng.reporters.JUnitReportReporter -->
<testsuite hostname="Akarshak" failures="0" tests="2" name="Test.Test1" time="0.066" errors="0" timestamp="2024-03-05T11:50:26 IST" skipped="0">
  <testcase classname="Test.Test1" name="Demo" time="0.046"/>
  <testcase classname="Test.Test1" name="Demo2" time="0.020"/>
</testsuite> <!-- Test.Test1 -->
