<?xml version="1.0" encoding="UTF-8"?>
<!-- Generated by org.testng.reporters.JUnitReportReporter -->
<testsuite hostname="Akarshak" failures="0" tests="3" name="RahulShethyAcademy.SeleniumFrameworkDesign.StandAloneTest" time="48.026" errors="0" timestamp="2024-03-13T17:15:13 IST" skipped="0">
  <testcase classname="RahulShethyAcademy.SeleniumFrameworkDesign.StandAloneTest" name="submitOrder" time="27.878"/>
  <testcase classname="RahulShethyAcademy.SeleniumFrameworkDesign.StandAloneTest" name="submitOrder" time="14.609"/>
  <testcase classname="RahulShethyAcademy.SeleniumFrameworkDesign.StandAloneTest" name="orderHistoryValidation" time="5.539"/>
</testsuite> <!-- RahulShethyAcademy.SeleniumFrameworkDesign.StandAloneTest -->
