<?xml version="1.0" encoding="UTF-8"?>
<!-- Generated by org.testng.reporters.JUnitReportReporter -->
<testsuite hostname="Akarshak" failures="0" tests="2" name="cucumber.TestNGTestRunner" time="18.515" errors="0" timestamp="2024-03-31T17:03:25 IST" skipped="0">
  <testcase classname="cucumber.TestNGTestRunner" name="runScenario" time="12.061"/>
  <system-out/>
  <testcase classname="cucumber.TestNGTestRunner" name="runScenario" time="6.454"/>
  <system-out/>
</testsuite> <!-- cucumber.TestNGTestRunner -->
