<?xml version="1.0" encoding="UTF-8"?>
<!-- Generated by org.testng.reporters.JUnitReportReporter -->
<testsuite hostname="Akarshak" failures="0" tests="1" name="RahulShethyAcademy.SeleniumFrameworkDesign.ErrorValidation" time="14.674" errors="0" timestamp="20 Mar 2024 11:10:10 GMT" skipped="0">
  <testcase classname="RahulShethyAcademy.SeleniumFrameworkDesign.ErrorValidation" name="productErrorValidation" time="14.674"/>
</testsuite> <!-- RahulShethyAcademy.SeleniumFrameworkDesign.ErrorValidation -->
