<?xml version="1.0" encoding="UTF-8"?>
<!-- Generated by org.testng.reporters.JUnitReportReporter -->
<testsuite hostname="Akarshak" failures="0" tests="2" name="cucumber.TestNGTestRunner" time="20.772" errors="0" timestamp="31 Mar 2024 11:35:54 GMT" skipped="0">
  <testcase classname="cucumber.TestNGTestRunner" name="runScenario" time="14.859"/>
  <testcase classname="cucumber.TestNGTestRunner" name="runScenario" time="5.913"/>
</testsuite> <!-- cucumber.TestNGTestRunner -->
